DEPRECATION WARNING: :authenticatable as module is deprecated. Please give :database_authenticatable instead.. (called from /home/vijay/school/app/models/login.rb:4)
DEPRECATION WARNING: :authenticatable as module is deprecated. Please give :database_authenticatable instead.. (called from /home/vijay/school/app/models/login.rb:4)
DEPRECATION WARNING: :authenticatable as module is deprecated. Please give :database_authenticatable instead.. (called from /home/vijay/school/app/models/login.rb:4)
  [4;36;1mSQL (0.3ms)[0m   [0;1mSET NAMES 'utf8'[0m
  [4;35;1mSQL (0.2ms)[0m   [0mSET SQL_AUTO_IS_NULL=0[0m
  [4;36;1mSQL (0.5ms)[0m   [0;1mSHOW TABLES[0m
  [4;35;1mSQL (294.9ms)[0m   [0mCREATE TABLE `schema_migrations` (`version` varchar(255) NOT NULL) ENGINE=InnoDB[0m
  [4;36;1mSQL (303.3ms)[0m   [0;1mCREATE UNIQUE INDEX `unique_schema_migrations` ON `schema_migrations` (`version`)[0m
  [4;35;1mSQL (0.5ms)[0m   [0mSHOW TABLES[0m
  [4;36;1mSQL (0.6ms)[0m   [0;1mSELECT version FROM schema_migrations[0m
Migrating to DeviseCreateLogins (20160924053626)
  [4;35;1mSQL (109.8ms)[0m   [0mCREATE TABLE `logins` (`id` int(11) DEFAULT NULL auto_increment PRIMARY KEY, `email` varchar(255) DEFAULT '' NOT NULL, `encrypted_password` varchar(128) DEFAULT '' NOT NULL, `password_salt` varchar(255) DEFAULT '' NOT NULL, `confirmation_token` varchar(255), `confirmed_at` datetime, `confirmation_sent_at` datetime, `reset_password_token` varchar(255), `remember_token` varchar(255), `remember_created_at` datetime, `sign_in_count` int(11) DEFAULT 0, `current_sign_in_at` datetime, `last_sign_in_at` datetime, `current_sign_in_ip` varchar(255), `last_sign_in_ip` varchar(255), `created_at` datetime, `updated_at` datetime) ENGINE=InnoDB[0m
  [4;36;1mSQL (223.1ms)[0m   [0;1mCREATE UNIQUE INDEX `index_logins_on_email` ON `logins` (`email`)[0m
  [4;35;1mSQL (223.3ms)[0m   [0mCREATE UNIQUE INDEX `index_logins_on_confirmation_token` ON `logins` (`confirmation_token`)[0m
  [4;36;1mSQL (201.5ms)[0m   [0;1mCREATE UNIQUE INDEX `index_logins_on_reset_password_token` ON `logins` (`reset_password_token`)[0m
  [4;35;1mSQL (43.9ms)[0m   [0mINSERT INTO schema_migrations (version) VALUES ('20160924053626')[0m
  [4;36;1mSQL (0.3ms)[0m   [0;1mSHOW TABLES[0m
  [4;35;1mSQL (0.9ms)[0m   [0mSELECT version FROM schema_migrations[0m
  [4;36;1mSQL (0.4ms)[0m   [0;1mSHOW TABLES[0m
  [4;35;1mSQL (0.8ms)[0m   [0mSHOW FIELDS FROM `logins`[0m
  [4;36;1mSQL (0.7ms)[0m   [0;1mdescribe `logins`[0m
  [4;35;1mSQL (0.7ms)[0m   [0mSHOW KEYS FROM `logins`[0m
